f:\uni\game projects\space invaders\breakout\x64\debug\vc141.pdb
f:\uni\game projects\space invaders\breakout\x64\debug\vc141.idb
f:\uni\game projects\space invaders\breakout\x64\debug\sprite.obj
f:\uni\game projects\space invaders\breakout\x64\debug\spaceship.obj
f:\uni\game projects\space invaders\breakout\x64\debug\player.obj
f:\uni\game projects\space invaders\breakout\x64\debug\main.obj
f:\uni\game projects\space invaders\breakout\x64\debug\level.obj
f:\uni\game projects\space invaders\breakout\x64\debug\laser.obj
f:\uni\game projects\space invaders\breakout\x64\debug\game.obj
f:\uni\game projects\space invaders\breakout\x64\debug\framecounter.obj
f:\uni\game projects\space invaders\breakout\x64\debug\entity.obj
f:\uni\game projects\space invaders\breakout\x64\debug\clock.obj
f:\uni\game projects\space invaders\breakout\x64\debug\brick.obj
f:\uni\game projects\space invaders\breakout\x64\debug\ball.obj
f:\uni\game projects\space invaders\breakout\x64\debug\background.obj
f:\uni\game projects\space invaders\breakout\x64\debug\backbuffer.obj
f:\uni\game projects\space invaders\breakout\x64\debug\sheild.obj
f:\uni\game projects\space invaders\x64\debug\breakout.exe
f:\uni\game projects\space invaders\x64\debug\breakout.ilk
f:\uni\game projects\space invaders\x64\debug\breakout.pdb
f:\uni\game projects\space invaders\breakout\x64\debug\breakout.res
f:\uni\game projects\space invaders\breakout\x64\debug\breakout.tlog\cl.command.1.tlog
f:\uni\game projects\space invaders\breakout\x64\debug\breakout.tlog\cl.read.1.tlog
f:\uni\game projects\space invaders\breakout\x64\debug\breakout.tlog\cl.write.1.tlog
f:\uni\game projects\space invaders\breakout\x64\debug\breakout.tlog\link.command.1.tlog
f:\uni\game projects\space invaders\breakout\x64\debug\breakout.tlog\link.read.1.tlog
f:\uni\game projects\space invaders\breakout\x64\debug\breakout.tlog\link.write.1.tlog
f:\uni\game projects\space invaders\breakout\x64\debug\breakout.tlog\rc.command.1.tlog
f:\uni\game projects\space invaders\breakout\x64\debug\breakout.tlog\rc.read.1.tlog
f:\uni\game projects\space invaders\breakout\x64\debug\breakout.tlog\rc.write.1.tlog
