e:\uni\game projects\space invaders\x64\release\breakout.ipdb
e:\uni\game projects\space invaders\x64\release\breakout.iobj
e:\uni\game projects\space invaders\breakout\x64\release\vc141.pdb
e:\uni\game projects\space invaders\breakout\x64\release\sprite.obj
e:\uni\game projects\space invaders\breakout\x64\release\spaceship.obj
e:\uni\game projects\space invaders\breakout\x64\release\player.obj
e:\uni\game projects\space invaders\breakout\x64\release\main.obj
e:\uni\game projects\space invaders\breakout\x64\release\level.obj
e:\uni\game projects\space invaders\breakout\x64\release\laser.obj
e:\uni\game projects\space invaders\breakout\x64\release\game.obj
e:\uni\game projects\space invaders\breakout\x64\release\framecounter.obj
e:\uni\game projects\space invaders\breakout\x64\release\entity.obj
e:\uni\game projects\space invaders\breakout\x64\release\clock.obj
e:\uni\game projects\space invaders\breakout\x64\release\brick.obj
e:\uni\game projects\space invaders\breakout\x64\release\ball.obj
e:\uni\game projects\space invaders\breakout\x64\release\background.obj
e:\uni\game projects\space invaders\breakout\x64\release\backbuffer.obj
e:\uni\game projects\space invaders\x64\release\breakout.exe
e:\uni\game projects\space invaders\x64\release\breakout.pdb
e:\uni\game projects\space invaders\breakout\x64\release\breakout.res
f:\uni\game projects\space invaders\breakout\x64\release\backbuffer.obj
f:\uni\game projects\space invaders\breakout\x64\release\background.obj
f:\uni\game projects\space invaders\breakout\x64\release\ball.obj
f:\uni\game projects\space invaders\breakout\x64\release\brick.obj
f:\uni\game projects\space invaders\breakout\x64\release\clock.obj
f:\uni\game projects\space invaders\breakout\x64\release\entity.obj
f:\uni\game projects\space invaders\breakout\x64\release\framecounter.obj
f:\uni\game projects\space invaders\breakout\x64\release\game.obj
f:\uni\game projects\space invaders\breakout\x64\release\laser.obj
f:\uni\game projects\space invaders\breakout\x64\release\level.obj
f:\uni\game projects\space invaders\breakout\x64\release\main.obj
f:\uni\game projects\space invaders\breakout\x64\release\player.obj
f:\uni\game projects\space invaders\breakout\x64\release\spaceship.obj
f:\uni\game projects\space invaders\breakout\x64\release\sprite.obj
f:\uni\game projects\space invaders\breakout\x64\release\breakout.res
f:\uni\game projects\space invaders\breakout\x64\release\vc141.pdb
f:\uni\game projects\space invaders\breakout\x64\release\breakout.tlog\breakout.write.1u.tlog
f:\uni\game projects\space invaders\breakout\x64\release\breakout.tlog\cl.command.1.tlog
f:\uni\game projects\space invaders\breakout\x64\release\breakout.tlog\cl.read.1.tlog
f:\uni\game projects\space invaders\breakout\x64\release\breakout.tlog\cl.write.1.tlog
f:\uni\game projects\space invaders\breakout\x64\release\breakout.tlog\link.command.1.tlog
f:\uni\game projects\space invaders\breakout\x64\release\breakout.tlog\link.read.1.tlog
f:\uni\game projects\space invaders\breakout\x64\release\breakout.tlog\link.write.1.tlog
f:\uni\game projects\space invaders\breakout\x64\release\breakout.tlog\rc.command.1.tlog
f:\uni\game projects\space invaders\breakout\x64\release\breakout.tlog\rc.read.1.tlog
f:\uni\game projects\space invaders\breakout\x64\release\breakout.tlog\rc.write.1.tlog
